[2019-10-26 20:47:41.713] [renderer1] [error] Cannot read property 'parent' of undefined: TypeError: Cannot read property 'parent' of undefined
    at t.IndexTreeModel.getNodeLocation (file:///snap/code/18/usr/share/code/resources/app/out/vs/workbench/workbench.desktop.main.js:130:9)
    at t.ObjectTreeModel.getParentNodeLocation (file:///snap/code/18/usr/share/code/resources/app/out/vs/workbench/workbench.desktop.main.js:134:147)
    at e.forEach.e (file:///snap/code/18/usr/share/code/resources/app/out/vs/workbench/workbench.desktop.main.js:1008:972)
    at Array.forEach (<anonymous>)
    at I._onDidChangeActiveNodes (file:///snap/code/18/usr/share/code/resources/app/out/vs/workbench/workbench.desktop.main.js:1008:927)
    at I.onDidChangeNodeTwistieState (file:///snap/code/18/usr/share/code/resources/app/out/vs/workbench/workbench.desktop.main.js:1007:610)
    at c.fire (file:///snap/code/18/usr/share/code/resources/app/out/vs/workbench/workbench.desktop.main.js:116:539)
    at e (file:///snap/code/18/usr/share/code/resources/app/out/vs/workbench/workbench.desktop.main.js:112:65)
    at c.fire (file:///snap/code/18/usr/share/code/resources/app/out/vs/workbench/workbench.desktop.main.js:116:519)
    at n.push (file:///snap/code/18/usr/share/code/resources/app/out/vs/workbench/workbench.desktop.main.js:118:697)
    at t.forEach.e (file:///snap/code/18/usr/share/code/resources/app/out/vs/workbench/workbench.desktop.main.js:118:830)
    at Array.forEach (<anonymous>)
    at t.EventBufferer.bufferEvents (file:///snap/code/18/usr/share/code/resources/app/out/vs/workbench/workbench.desktop.main.js:118:819)
    at t.IndexTreeModel.setCollapsed (file:///snap/code/18/usr/share/code/resources/app/out/vs/workbench/workbench.desktop.main.js:125:281)
    at t.ObjectTreeModel.setCollapsed (file:///snap/code/18/usr/share/code/resources/app/out/vs/workbench/workbench.desktop.main.js:133:672)
    at r.expand (file:///snap/code/18/usr/share/code/resources/app/out/vs/workbench/workbench.desktop.main.js:1027:736)
    at Y.expand (file:///snap/code/18/usr/share/code/resources/app/out/vs/workbench/workbench.desktop.main.js:1044:88)
    at e.onSelectResource (file:///snap/code/18/usr/share/code/resources/app/out/vs/workbench/workbench.desktop.main.js:5770:916)
[2019-10-26 20:48:01.598] [renderer1] [error] Cannot read property 'parent' of undefined: TypeError: Cannot read property 'parent' of undefined
    at t.IndexTreeModel.getNodeLocation (file:///snap/code/18/usr/share/code/resources/app/out/vs/workbench/workbench.desktop.main.js:130:9)
    at t.ObjectTreeModel.getParentNodeLocation (file:///snap/code/18/usr/share/code/resources/app/out/vs/workbench/workbench.desktop.main.js:134:147)
    at e.forEach.e (file:///snap/code/18/usr/share/code/resources/app/out/vs/workbench/workbench.desktop.main.js:1008:972)
    at Array.forEach (<anonymous>)
    at I._onDidChangeActiveNodes (file:///snap/code/18/usr/share/code/resources/app/out/vs/workbench/workbench.desktop.main.js:1008:927)
    at I.onDidChangeNodeTwistieState (file:///snap/code/18/usr/share/code/resources/app/out/vs/workbench/workbench.desktop.main.js:1007:610)
    at c.fire (file:///snap/code/18/usr/share/code/resources/app/out/vs/workbench/workbench.desktop.main.js:116:539)
    at e (file:///snap/code/18/usr/share/code/resources/app/out/vs/workbench/workbench.desktop.main.js:112:65)
    at c.fire (file:///snap/code/18/usr/share/code/resources/app/out/vs/workbench/workbench.desktop.main.js:116:519)
    at n.push (file:///snap/code/18/usr/share/code/resources/app/out/vs/workbench/workbench.desktop.main.js:118:697)
    at t.forEach.e (file:///snap/code/18/usr/share/code/resources/app/out/vs/workbench/workbench.desktop.main.js:118:830)
    at Array.forEach (<anonymous>)
    at t.EventBufferer.bufferEvents (file:///snap/code/18/usr/share/code/resources/app/out/vs/workbench/workbench.desktop.main.js:118:819)
    at t.IndexTreeModel.setCollapsed (file:///snap/code/18/usr/share/code/resources/app/out/vs/workbench/workbench.desktop.main.js:125:281)
    at t.ObjectTreeModel.setCollapsed (file:///snap/code/18/usr/share/code/resources/app/out/vs/workbench/workbench.desktop.main.js:133:672)
    at r.expand (file:///snap/code/18/usr/share/code/resources/app/out/vs/workbench/workbench.desktop.main.js:1027:736)
    at Y.expand (file:///snap/code/18/usr/share/code/resources/app/out/vs/workbench/workbench.desktop.main.js:1044:88)
    at e.onSelectResource (file:///snap/code/18/usr/share/code/resources/app/out/vs/workbench/workbench.desktop.main.js:5770:916)
[2019-10-26 20:53:04.577] [renderer1] [error] Cannot read property 'parent' of undefined: TypeError: Cannot read property 'parent' of undefined
    at t.IndexTreeModel.getNodeLocation (file:///snap/code/18/usr/share/code/resources/app/out/vs/workbench/workbench.desktop.main.js:130:9)
    at t.ObjectTreeModel.getParentNodeLocation (file:///snap/code/18/usr/share/code/resources/app/out/vs/workbench/workbench.desktop.main.js:134:147)
    at e.forEach.e (file:///snap/code/18/usr/share/code/resources/app/out/vs/workbench/workbench.desktop.main.js:1008:972)
    at Array.forEach (<anonymous>)
    at I._onDidChangeActiveNodes (file:///snap/code/18/usr/share/code/resources/app/out/vs/workbench/workbench.desktop.main.js:1008:927)
    at I.onDidChangeNodeTwistieState (file:///snap/code/18/usr/share/code/resources/app/out/vs/workbench/workbench.desktop.main.js:1007:610)
    at c.fire (file:///snap/code/18/usr/share/code/resources/app/out/vs/workbench/workbench.desktop.main.js:116:539)
    at e (file:///snap/code/18/usr/share/code/resources/app/out/vs/workbench/workbench.desktop.main.js:112:65)
    at c.fire (file:///snap/code/18/usr/share/code/resources/app/out/vs/workbench/workbench.desktop.main.js:116:519)
    at n.push (file:///snap/code/18/usr/share/code/resources/app/out/vs/workbench/workbench.desktop.main.js:118:697)
    at t.forEach.e (file:///snap/code/18/usr/share/code/resources/app/out/vs/workbench/workbench.desktop.main.js:118:830)
    at Array.forEach (<anonymous>)
    at t.EventBufferer.bufferEvents (file:///snap/code/18/usr/share/code/resources/app/out/vs/workbench/workbench.desktop.main.js:118:819)
    at t.IndexTreeModel.setCollapsed (file:///snap/code/18/usr/share/code/resources/app/out/vs/workbench/workbench.desktop.main.js:125:281)
    at t.ObjectTreeModel.setCollapsed (file:///snap/code/18/usr/share/code/resources/app/out/vs/workbench/workbench.desktop.main.js:133:672)
    at r.expand (file:///snap/code/18/usr/share/code/resources/app/out/vs/workbench/workbench.desktop.main.js:1027:736)
    at Y.expand (file:///snap/code/18/usr/share/code/resources/app/out/vs/workbench/workbench.desktop.main.js:1044:88)
    at Array.isArray.o.forEach.e (file:///snap/code/18/usr/share/code/resources/app/out/vs/workbench/workbench.desktop.main.js:5770:143)
    at Array.forEach (<anonymous>)
    at a.tree.setInput.then (file:///snap/code/18/usr/share/code/resources/app/out/vs/workbench/workbench.desktop.main.js:5770:122)
