[2019-10-26 20:39:45.742] [exthost] [info] extension host started
[2019-10-26 20:39:45.767] [exthost] [info] ExtensionService#_doActivateExtension vscode.debug-auto-launch {"startup":true,"extensionId":{"value":"vscode.debug-auto-launch","_lower":"vscode.debug-auto-launch"},"activationEvent":"*"}
[2019-10-26 20:39:45.767] [exthost] [info] ExtensionService#loadCommonJSModule file:///snap/code/18/usr/share/code/resources/app/extensions/debug-auto-launch/dist/extension
[2019-10-26 20:39:45.772] [exthost] [info] ExtensionService#_doActivateExtension vscode.emmet {"startup":true,"extensionId":{"value":"vscode.emmet","_lower":"vscode.emmet"},"activationEvent":"*"}
[2019-10-26 20:39:45.772] [exthost] [info] ExtensionService#loadCommonJSModule file:///snap/code/18/usr/share/code/resources/app/extensions/emmet/dist/extension
[2019-10-26 20:39:45.807] [exthost] [info] ExtensionService#_doActivateExtension vscode.git {"startup":true,"extensionId":{"value":"vscode.git","_lower":"vscode.git"},"activationEvent":"*"}
[2019-10-26 20:39:45.807] [exthost] [info] ExtensionService#loadCommonJSModule file:///snap/code/18/usr/share/code/resources/app/extensions/git/dist/main
[2019-10-26 20:39:45.868] [exthost] [info] ExtensionService#_doActivateExtension vscode.merge-conflict {"startup":true,"extensionId":{"value":"vscode.merge-conflict","_lower":"vscode.merge-conflict"},"activationEvent":"*"}
[2019-10-26 20:39:45.868] [exthost] [info] ExtensionService#loadCommonJSModule file:///snap/code/18/usr/share/code/resources/app/extensions/merge-conflict/dist/extension
[2019-10-26 20:39:45.872] [exthost] [info] ExtensionService#_doActivateExtension formulahendry.terminal {"startup":true,"extensionId":{"value":"formulahendry.terminal","_lower":"formulahendry.terminal"},"activationEvent":"*"}
[2019-10-26 20:39:45.872] [exthost] [info] ExtensionService#loadCommonJSModule file:///home/marlon/.vscode/extensions/formulahendry.terminal-0.0.10/out/src/extension
[2019-10-26 20:39:45.885] [exthost] [info] eager extensions activated
[2019-10-26 20:39:57.163] [exthost] [info] extension host started
[2019-10-26 20:39:57.217] [exthost] [info] ExtensionService#_doActivateExtension vscode.debug-auto-launch {"startup":true,"extensionId":{"value":"vscode.debug-auto-launch","_lower":"vscode.debug-auto-launch"},"activationEvent":"*"}
[2019-10-26 20:39:57.218] [exthost] [info] ExtensionService#loadCommonJSModule file:///snap/code/18/usr/share/code/resources/app/extensions/debug-auto-launch/dist/extension
[2019-10-26 20:39:57.225] [exthost] [info] ExtensionService#_doActivateExtension vscode.emmet {"startup":true,"extensionId":{"value":"vscode.emmet","_lower":"vscode.emmet"},"activationEvent":"*"}
[2019-10-26 20:39:57.225] [exthost] [info] ExtensionService#loadCommonJSModule file:///snap/code/18/usr/share/code/resources/app/extensions/emmet/dist/extension
[2019-10-26 20:39:57.259] [exthost] [info] ExtensionService#_doActivateExtension vscode.git {"startup":true,"extensionId":{"value":"vscode.git","_lower":"vscode.git"},"activationEvent":"*"}
[2019-10-26 20:39:57.259] [exthost] [info] ExtensionService#loadCommonJSModule file:///snap/code/18/usr/share/code/resources/app/extensions/git/dist/main
[2019-10-26 20:39:57.319] [exthost] [info] ExtensionService#_doActivateExtension vscode.merge-conflict {"startup":true,"extensionId":{"value":"vscode.merge-conflict","_lower":"vscode.merge-conflict"},"activationEvent":"*"}
[2019-10-26 20:39:57.319] [exthost] [info] ExtensionService#loadCommonJSModule file:///snap/code/18/usr/share/code/resources/app/extensions/merge-conflict/dist/extension
[2019-10-26 20:39:57.322] [exthost] [info] ExtensionService#_doActivateExtension formulahendry.terminal {"startup":true,"extensionId":{"value":"formulahendry.terminal","_lower":"formulahendry.terminal"},"activationEvent":"*"}
[2019-10-26 20:39:57.322] [exthost] [info] ExtensionService#loadCommonJSModule file:///home/marlon/.vscode/extensions/formulahendry.terminal-0.0.10/out/src/extension
[2019-10-26 20:39:57.336] [exthost] [info] eager extensions activated
[2019-10-26 20:53:03.554] [exthost] [info] ExtensionService#_doActivateExtension vscode.configuration-editing {"startup":false,"extensionId":{"value":"vscode.configuration-editing","_lower":"vscode.configuration-editing"},"activationEvent":"onLanguage:json"}
[2019-10-26 20:53:03.554] [exthost] [info] ExtensionService#loadCommonJSModule file:///snap/code/18/usr/share/code/resources/app/extensions/configuration-editing/dist/extension
[2019-10-26 20:53:03.563] [exthost] [info] ExtensionService#_doActivateExtension vscode.extension-editing {"startup":false,"extensionId":{"value":"vscode.extension-editing","_lower":"vscode.extension-editing"},"activationEvent":"onLanguage:json"}
[2019-10-26 20:53:03.563] [exthost] [info] ExtensionService#loadCommonJSModule file:///snap/code/18/usr/share/code/resources/app/extensions/extension-editing/dist/extension
[2019-10-26 20:53:03.623] [exthost] [info] ExtensionService#_doActivateExtension vscode.json-language-features {"startup":false,"extensionId":{"value":"vscode.json-language-features","_lower":"vscode.json-language-features"},"activationEvent":"onLanguage:json"}
[2019-10-26 20:53:03.623] [exthost] [info] ExtensionService#loadCommonJSModule file:///snap/code/18/usr/share/code/resources/app/extensions/json-language-features/client/dist/jsonMain
[2019-10-26 20:53:03.680] [exthost] [info] ExtensionService#_doActivateExtension vscode.npm {"startup":false,"extensionId":{"value":"vscode.npm","_lower":"vscode.npm"},"activationEvent":"onLanguage:json"}
[2019-10-26 20:53:03.680] [exthost] [info] ExtensionService#loadCommonJSModule file:///snap/code/18/usr/share/code/resources/app/extensions/npm/dist/main
[2019-10-26 20:53:04.946] [exthost] [info] extension host started
[2019-10-26 20:53:04.955] [exthost] [info] ExtensionService#_doActivateExtension vscode.configuration-editing {"startup":false,"extensionId":{"value":"vscode.configuration-editing","_lower":"vscode.configuration-editing"},"activationEvent":"onLanguage:json"}
[2019-10-26 20:53:04.956] [exthost] [info] ExtensionService#loadCommonJSModule file:///snap/code/18/usr/share/code/resources/app/extensions/configuration-editing/dist/extension
[2019-10-26 20:53:04.963] [exthost] [info] ExtensionService#_doActivateExtension vscode.extension-editing {"startup":false,"extensionId":{"value":"vscode.extension-editing","_lower":"vscode.extension-editing"},"activationEvent":"onLanguage:json"}
[2019-10-26 20:53:04.963] [exthost] [info] ExtensionService#loadCommonJSModule file:///snap/code/18/usr/share/code/resources/app/extensions/extension-editing/dist/extension
[2019-10-26 20:53:04.983] [exthost] [info] ExtensionService#_doActivateExtension vscode.json-language-features {"startup":false,"extensionId":{"value":"vscode.json-language-features","_lower":"vscode.json-language-features"},"activationEvent":"onLanguage:json"}
[2019-10-26 20:53:04.983] [exthost] [info] ExtensionService#loadCommonJSModule file:///snap/code/18/usr/share/code/resources/app/extensions/json-language-features/client/dist/jsonMain
[2019-10-26 20:53:05.020] [exthost] [info] ExtensionService#_doActivateExtension vscode.npm {"startup":false,"extensionId":{"value":"vscode.npm","_lower":"vscode.npm"},"activationEvent":"onLanguage:json"}
[2019-10-26 20:53:05.020] [exthost] [info] ExtensionService#loadCommonJSModule file:///snap/code/18/usr/share/code/resources/app/extensions/npm/dist/main
[2019-10-26 20:53:05.030] [exthost] [info] ExtensionService#_doActivateExtension vscode.debug-auto-launch {"startup":true,"extensionId":{"value":"vscode.debug-auto-launch","_lower":"vscode.debug-auto-launch"},"activationEvent":"*"}
[2019-10-26 20:53:05.031] [exthost] [info] ExtensionService#loadCommonJSModule file:///snap/code/18/usr/share/code/resources/app/extensions/debug-auto-launch/dist/extension
[2019-10-26 20:53:05.035] [exthost] [info] ExtensionService#_doActivateExtension vscode.emmet {"startup":true,"extensionId":{"value":"vscode.emmet","_lower":"vscode.emmet"},"activationEvent":"*"}
[2019-10-26 20:53:05.035] [exthost] [info] ExtensionService#loadCommonJSModule file:///snap/code/18/usr/share/code/resources/app/extensions/emmet/dist/extension
[2019-10-26 20:53:05.064] [exthost] [info] ExtensionService#_doActivateExtension vscode.git {"startup":true,"extensionId":{"value":"vscode.git","_lower":"vscode.git"},"activationEvent":"*"}
[2019-10-26 20:53:05.064] [exthost] [info] ExtensionService#loadCommonJSModule file:///snap/code/18/usr/share/code/resources/app/extensions/git/dist/main
[2019-10-26 20:53:05.121] [exthost] [info] ExtensionService#_doActivateExtension vscode.merge-conflict {"startup":true,"extensionId":{"value":"vscode.merge-conflict","_lower":"vscode.merge-conflict"},"activationEvent":"*"}
[2019-10-26 20:53:05.121] [exthost] [info] ExtensionService#loadCommonJSModule file:///snap/code/18/usr/share/code/resources/app/extensions/merge-conflict/dist/extension
[2019-10-26 20:53:05.125] [exthost] [info] ExtensionService#_doActivateExtension formulahendry.terminal {"startup":true,"extensionId":{"value":"formulahendry.terminal","_lower":"formulahendry.terminal"},"activationEvent":"*"}
[2019-10-26 20:53:05.125] [exthost] [info] ExtensionService#loadCommonJSModule file:///home/marlon/.vscode/extensions/formulahendry.terminal-0.0.10/out/src/extension
[2019-10-26 20:53:05.226] [exthost] [info] eager extensions activated
