Looking for git in: git
Using git 2.19.1 from git
> git rev-parse --show-toplevel
> git rev-parse --git-dir
> git config --get commit.template
Open repository: /home/marlon/IFPB/p6/ruby/rails/sect-rest-api
> git status -z -u
> git symbolic-ref --short HEAD
> git rev-parse master
fatal: ambiguous argument 'master': unknown revision or path not in the working tree.
Use '--' to separate paths from revisions, like this:
'git <command> [<revision>...] -- [<file>...]'
> git for-each-ref --format %(refname) %(objectname) --sort -committerdate
> git remote --verbose
> git show :test/controllers/api/v1/controller/cursos_controller_test.rb
> git ls-files --stage -- test/controllers/api/v1/controller/
> git check-ignore -v -z --stdin
> git show :app/controllers/api/v1/cursos_controller.rb
> git ls-files --stage -- app/controllers/api/v1/
> git check-ignore -v -z --stdin
